# JRE version: Java(TM) SE Runtime Environment (8.0_101-b13) (build 1.8.0_101-b13)
# Java VM: Java HotSpot(TM) 64-Bit Server VM (25.101-b13 mixed mode windows-amd64 compressed oops)
Heap:
 PSYoungGen      total 66048K, used 47447K [0x00000000eab00000, 0x00000000eff80000, 0x0000000100000000)
  eden space 57344K, 75% used [0x00000000eab00000,0x00000000ed553f08,0x00000000ee300000)
  from space 8704K, 47% used [0x00000000ee300000,0x00000000ee701e90,0x00000000eeb80000)
  to   space 8704K, 0% used [0x00000000ef700000,0x00000000ef700000,0x00000000eff80000)
 ParOldGen       total 66560K, used 22404K [0x00000000c0000000, 0x00000000c4100000, 0x00000000eab00000)
  object space 66560K, 33% used [0x00000000c0000000,0x00000000c15e1278,0x00000000c4100000)
 Metaspace       used 42435K, capacity 43136K, committed 43392K, reserved 1087488K
  class space    used 5805K, capacity 5976K, committed 6016K, reserved 1048576K
GC Heap History (10 events):
Event: 51.699 GC heap before
{Heap before GC invocations=15 (full 2):
 PSYoungGen      total 39424K, used 1195K [0x00000000eab00000, 0x00000000eec00000, 0x0000000100000000)
  eden space 30208K, 0% used [0x00000000eab00000,0x00000000eab00000,0x00000000ec880000)
  from space 9216K, 12% used [0x00000000ec880000,0x00000000ec9aaf08,0x00000000ed180000)
  to   space 9728K, 0% used [0x00000000ee280000,0x00000000ee280000,0x00000000eec00000)
 ParOldGen       total 46592K, used 19613K [0x00000000c0000000, 0x00000000c2d80000, 0x00000000eab00000)
  object space 46592K, 42% used [0x00000000c0000000,0x00000000c1327470,0x00000000c2d80000)
 Metaspace       used 34819K, capacity 35342K, committed 35456K, reserved 1079296K
  class space    used 4794K, capacity 4951K, committed 4992K, reserved 1048576K
Event: 51.921 GC heap after
Heap after GC invocations=15 (full 2):
 PSYoungGen      total 39424K, used 0K [0x00000000eab00000, 0x00000000eec00000, 0x0000000100000000)
  eden space 30208K, 0% used [0x00000000eab00000,0x00000000eab00000,0x00000000ec880000)
  from space 9216K, 0% used [0x00000000ec880000,0x00000000ec880000,0x00000000ed180000)
  to   space 9728K, 0% used [0x00000000ee280000,0x00000000ee280000,0x00000000eec00000)
 ParOldGen       total 66560K, used 18767K [0x00000000c0000000, 0x00000000c4100000, 0x00000000eab00000)
  object space 66560K, 28% used [0x00000000c0000000,0x00000000c1253f80,0x00000000c4100000)
 Metaspace       used 34819K, capacity 35342K, committed 35456K, reserved 1079296K
  class space    used 4794K, capacity 4951K, committed 4992K, reserved 1048576K
}
Event: 55.101 GC heap before
{Heap before GC invocations=16 (full 2):
 PSYoungGen      total 39424K, used 30208K [0x00000000eab00000, 0x00000000eec00000, 0x0000000100000000)
  eden space 30208K, 100% used [0x00000000eab00000,0x00000000ec880000,0x00000000ec880000)
  from space 9216K, 0% used [0x00000000ec880000,0x00000000ec880000,0x00000000ed180000)
  to   space 9728K, 0% used [0x00000000ee280000,0x00000000ee280000,0x00000000eec00000)
 ParOldGen       total 66560K, used 18767K [0x00000000c0000000, 0x00000000c4100000, 0x00000000eab00000)
  object space 66560K, 28% used [0x00000000c0000000,0x00000000c1253f80,0x00000000c4100000)
 Metaspace       used 39476K, capacity 40136K, committed 40448K, reserved 1083392K
  class space    used 5400K, capacity 5558K, committed 5632K, reserved 1048576K
Event: 55.106 GC heap after
Heap after GC invocations=16 (full 2):
 PSYoungGen      total 47616K, used 2818K [0x00000000eab00000, 0x00000000ee700000, 0x0000000100000000)
  eden space 43008K, 0% used [0x00000000eab00000,0x00000000eab00000,0x00000000ed500000)
  from space 4608K, 61% used [0x00000000ee280000,0x00000000ee540b60,0x00000000ee700000)
  to   space 9216K, 0% used [0x00000000ed500000,0x00000000ed500000,0x00000000ede00000)
 ParOldGen       total 66560K, used 18775K [0x00000000c0000000, 0x00000000c4100000, 0x00000000eab00000)
  object space 66560K, 28% used [0x00000000c0000000,0x00000000c1255f80,0x00000000c4100000)
 Metaspace       used 39476K, capacity 40136K, committed 40448K, reserved 1083392K
  class space    used 5400K, capacity 5558K, committed 5632K, reserved 1048576K
}
Event: 57.580 GC heap before
{Heap before GC invocations=17 (full 2):
 PSYoungGen      total 47616K, used 45826K [0x00000000eab00000, 0x00000000ee700000, 0x0000000100000000)
  eden space 43008K, 100% used [0x00000000eab00000,0x00000000ed500000,0x00000000ed500000)
  from space 4608K, 61% used [0x00000000ee280000,0x00000000ee540b60,0x00000000ee700000)
  to   space 9216K, 0% used [0x00000000ed500000,0x00000000ed500000,0x00000000ede00000)
 ParOldGen       total 66560K, used 18775K [0x00000000c0000000, 0x00000000c4100000, 0x00000000eab00000)
  object space 66560K, 28% used [0x00000000c0000000,0x00000000c1255f80,0x00000000c4100000)
 Metaspace       used 39643K, capacity 40288K, committed 40448K, reserved 1083392K
  class space    used 5403K, capacity 5562K, committed 5632K, reserved 1048576K
Event: 57.584 GC heap after
Heap after GC invocations=17 (full 2):
 PSYoungGen      total 52224K, used 2964K [0x00000000eab00000, 0x00000000ef700000, 0x0000000100000000)
  eden space 43008K, 0% used [0x00000000eab00000,0x00000000eab00000,0x00000000ed500000)
  from space 9216K, 32% used [0x00000000ed500000,0x00000000ed7e5248,0x00000000ede00000)
  to   space 9216K, 0% used [0x00000000eee00000,0x00000000eee00000,0x00000000ef700000)
 ParOldGen       total 66560K, used 20239K [0x00000000c0000000, 0x00000000c4100000, 0x00000000eab00000)
  object space 66560K, 30% used [0x00000000c0000000,0x00000000c13c3c48,0x00000000c4100000)
 Metaspace       used 39643K, capacity 40288K, committed 40448K, reserved 1083392K
  class space    used 5403K, capacity 5562K, committed 5632K, reserved 1048576K
}
Event: 60.319 GC heap before
{Heap before GC invocations=18 (full 2):
 PSYoungGen      total 52224K, used 45972K [0x00000000eab00000, 0x00000000ef700000, 0x0000000100000000)
  eden space 43008K, 100% used [0x00000000eab00000,0x00000000ed500000,0x00000000ed500000)
  from space 9216K, 32% used [0x00000000ed500000,0x00000000ed7e5248,0x00000000ede00000)
  to   space 9216K, 0% used [0x00000000eee00000,0x00000000eee00000,0x00000000ef700000)
 ParOldGen       total 66560K, used 20239K [0x00000000c0000000, 0x00000000c4100000, 0x00000000eab00000)
  object space 66560K, 30% used [0x00000000c0000000,0x00000000c13c3c48,0x00000000c4100000)
 Metaspace       used 39756K, capacity 40422K, committed 40704K, reserved 1085440K
  class space    used 5404K, capacity 5563K, committed 5632K, reserved 1048576K
Event: 60.322 GC heap after
Heap after GC invocations=18 (full 2):
 PSYoungGen      total 63488K, used 2702K [0x00000000eab00000, 0x00000000ef400000, 0x0000000100000000)
  eden space 57344K, 0% used [0x00000000eab00000,0x00000000eab00000,0x00000000ee300000)
  from space 6144K, 43% used [0x00000000eee00000,0x00000000ef0a3b18,0x00000000ef400000)
  to   space 8704K, 0% used [0x00000000ee300000,0x00000000ee300000,0x00000000eeb80000)
 ParOldGen       total 66560K, used 21325K [0x00000000c0000000, 0x00000000c4100000, 0x00000000eab00000)
  object space 66560K, 32% used [0x00000000c0000000,0x00000000c14d3760,0x00000000c4100000)
 Metaspace       used 39756K, capacity 40422K, committed 40704K, reserved 1085440K
  class space    used 5404K, capacity 5563K, committed 5632K, reserved 1048576K
}
Event: 67.932 GC heap before
{Heap before GC invocations=19 (full 2):
 PSYoungGen      total 63488K, used 60046K [0x00000000eab00000, 0x00000000ef400000, 0x0000000100000000)
  eden space 57344K, 100% used [0x00000000eab00000,0x00000000ee300000,0x00000000ee300000)
  from space 6144K, 43% used [0x00000000eee00000,0x00000000ef0a3b18,0x00000000ef400000)
  to   space 8704K, 0% used [0x00000000ee300000,0x00000000ee300000,0x00000000eeb80000)
 ParOldGen       total 66560K, used 21325K [0x00000000c0000000, 0x00000000c4100000, 0x00000000eab00000)
  object space 66560K, 32% used [0x00000000c0000000,0x00000000c14d3760,0x00000000c4100000)
 Metaspace       used 40732K, capacity 41446K, committed 41600K, reserved 1085440K
  class space    used 5523K, capacity 5691K, committed 5760K, reserved 1048576K
Event: 67.947 GC heap after
Heap after GC invocations=19 (full 2):
 PSYoungGen      total 66048K, used 4103K [0x00000000eab00000, 0x00000000eff80000, 0x0000000100000000)
  eden space 57344K, 0% used [0x00000000eab00000,0x00000000eab00000,0x00000000ee300000)
  from space 8704K, 47% used [0x00000000ee300000,0x00000000ee701e90,0x00000000eeb80000)
  to   space 8704K, 0% used [0x00000000ef700000,0x00000000ef700000,0x00000000eff80000)
 ParOldGen       total 66560K, used 22404K [0x00000000c0000000, 0x00000000c4100000, 0x00000000eab00000)
  object space 66560K, 33% used [0x00000000c0000000,0x00000000c15e1278,0x00000000c4100000)
 Metaspace       used 40732K, capacity 41446K, committed 41600K, reserved 1085440K
  class space    used 5523K, capacity 5691K, committed 5760K, reserved 1048576K
}

